<?xml version="1.0" encoding="UTF-8"?>
<testsuite name="regis.LibraryTest" tests="1" skipped="0" failures="0" errors="0" timestamp="2020-10-24T15:46:59" hostname="legion-pc" time="0.001">
  <properties/>
  <testcase name="testSomeLibraryMethod" classname="regis.LibraryTest" time="0.001"/>
  <system-out><![CDATA[]]></system-out>
  <system-err><![CDATA[]]></system-err>
</testsuite>
